Using pre-set license
Built from '2020.3/release' branch; Version is '2020.3.1f1 (77a89f25062f) revision 7841951'; Using compiler version '192528614'; Build Type 'Release'
OS: 'Windows 10 Pro; OS build 19042.867; Version 2009; 64bit' Language: 'es' Physical Memory: 32634 MB
BatchMode: 1, IsHumanControllingUs: 0, StartBugReporterOnCrash: 0, Is64bit: 1, IsPro: 0

 COMMAND LINE ARGUMENTS:
C:\Program Files\Unity\Hub\Editor\2020.3.1f1\Editor\Unity.exe
-adb2
-batchMode
-noUpm
-name
AssetImportWorker0
-projectPath
F:/Unity/Brick Breaker JEPH
-logFile
Logs/AssetImportWorker0.log
-srvPort
49966
Successfully changed project path to: F:/Unity/Brick Breaker JEPH
F:/Unity/Brick Breaker JEPH
Using Asset Import Pipeline V2.
Refreshing native plugins compatible for Editor in 16.83 ms, found 0 plugins.
Preloading 0 native plugins for Editor in 0.00 ms.
Initialize engine version: 2020.3.1f1 (77a89f25062f)
[Subsystems] Discovering subsystems at path C:/Program Files/Unity/Hub/Editor/2020.3.1f1/Editor/Data/Resources/UnitySubsystems
[Subsystems] Discovering subsystems at path F:/Unity/Brick Breaker JEPH/Assets
GfxDevice: creating device client; threaded=0
Direct3D:
    Version:  Direct3D 11.0 [level 11.1]
    Renderer: Radeon RX550/550 Series (ID=0x699f)
    Vendor:   
    VRAM:     4076 MB
    Driver:   27.20.1034.6
Initialize mono
Mono path[0] = 'C:/Program Files/Unity/Hub/Editor/2020.3.1f1/Editor/Data/Managed'
Mono path[1] = 'C:/Program Files/Unity/Hub/Editor/2020.3.1f1/Editor/Data/MonoBleedingEdge/lib/mono/unityjit'
Mono config path = 'C:/Program Files/Unity/Hub/Editor/2020.3.1f1/Editor/Data/MonoBleedingEdge/etc'
Using monoOptions --debugger-agent=transport=dt_socket,embedding=1,server=y,suspend=n,address=127.0.0.1:56444
Begin MonoManager ReloadAssembly
Registering precompiled unity dll's ...
Register platform support module: C:/Program Files/Unity/Hub/Editor/2020.3.1f1/Editor/Data/PlaybackEngines/WebGLSupport/UnityEditor.WebGL.Extensions.dll
Register platform support module: C:/Program Files/Unity/Hub/Editor/2020.3.1f1/Editor/Data/PlaybackEngines/WindowsStandaloneSupport/UnityEditor.WindowsStandalone.Extensions.dll
Registered in 0.001930 seconds.
Native extension for WindowsStandalone target not found
Native extension for WebGL target not found
Refreshing native plugins compatible for Editor in 17.24 ms, found 0 plugins.
Preloading 0 native plugins for Editor in 0.00 ms.
Invoked RoslynAnalysisRunner static constructor.
RoslynAnalysisRunner will not be running.
RoslynAnalysisRunner has terminated.
Mono: successfully reloaded assembly
- Completed reload, in  1.338 seconds
Platform modules already initialized, skipping
Registering precompiled user dll's ...
Registered in 0.000355 seconds.
Begin MonoManager ReloadAssembly
Native extension for WindowsStandalone target not found
Native extension for WebGL target not found
Refreshing native plugins compatible for Editor in 0.16 ms, found 0 plugins.
Preloading 0 native plugins for Editor in 0.00 ms.
Invoked RoslynAnalysisRunner static constructor.
RoslynAnalysisRunner will not be running.
RoslynAnalysisRunner has terminated.
Mono: successfully reloaded assembly
- Completed reload, in  0.586 seconds
Platform modules already initialized, skipping
========================================================================
Worker process is ready to serve import requests
Launched and connected shader compiler UnityShaderCompiler.exe after 0.03 seconds
Refreshing native plugins compatible for Editor in 0.16 ms, found 0 plugins.
Preloading 0 native plugins for Editor in 0.00 ms.
Unloading 1122 Unused Serialized files (Serialized files now loaded: 0)
System memory in use before: 57.3 MB.
System memory in use after: 57.4 MB.

Unloading 10 unused Assets to reduce memory usage. Loaded Objects now: 1565.
Total: 1.138500 ms (FindLiveObjects: 0.103100 ms CreateObjectMapping: 0.026100 ms MarkObjects: 0.958100 ms  DeleteObjects: 0.050500 ms)

========================================================================
Received Import Request.
  path: Assets/Scripts/Level Designer/Editor/SCR_LevelEditor.cs
  artifactKey: Guid(9ed98755b7725484cb424500277c5c96) Importer(815301076,1909f56bfc062723c751e8b465ee728b)
Start importing Assets/Scripts/Level Designer/Editor/SCR_LevelEditor.cs using Guid(9ed98755b7725484cb424500277c5c96) Importer(815301076,1909f56bfc062723c751e8b465ee728b)  -> (artifact id: '4ae89b04150f45dcb0d7529c758b6112') in 0.015389 seconds
  Import took 0.017332 seconds .

========================================================================
Received Prepare
Registering precompiled user dll's ...
Registered in 0.000387 seconds.
Begin MonoManager ReloadAssembly
Native extension for WindowsStandalone target not found
Native extension for WebGL target not found
Refreshing native plugins compatible for Editor in 0.16 ms, found 0 plugins.
Preloading 0 native plugins for Editor in 0.00 ms.
Invoked RoslynAnalysisRunner static constructor.
RoslynAnalysisRunner will not be running.
RoslynAnalysisRunner has terminated.
Mono: successfully reloaded assembly
- Completed reload, in  0.552 seconds
Platform modules already initialized, skipping
Refreshing native plugins compatible for Editor in 0.15 ms, found 0 plugins.
Preloading 0 native plugins for Editor in 0.00 ms.
Unloading 1117 Unused Serialized files (Serialized files now loaded: 0)
System memory in use before: 57.3 MB.
System memory in use after: 57.4 MB.

Unloading 5 unused Assets to reduce memory usage. Loaded Objects now: 1568.
Total: 1.210400 ms (FindLiveObjects: 0.098500 ms CreateObjectMapping: 0.025500 ms MarkObjects: 1.049600 ms  DeleteObjects: 0.034700 ms)

========================================================================
Received Import Request.
  Time since last request: 713.171828 seconds.
  path: Assets/Scripts/Level Designer/LevelDesigner.cs
  artifactKey: Guid(1525950d505e173439e3da1908542adb) Importer(815301076,1909f56bfc062723c751e8b465ee728b)
Start importing Assets/Scripts/Level Designer/LevelDesigner.cs using Guid(1525950d505e173439e3da1908542adb) Importer(815301076,1909f56bfc062723c751e8b465ee728b)  -> (artifact id: '452be14a4d5377d6b68e456b23e2e1a9') in 0.003204 seconds
  Import took 0.004790 seconds .

========================================================================
Received Prepare
Registering precompiled user dll's ...
Registered in 0.000317 seconds.
Begin MonoManager ReloadAssembly
Native extension for WindowsStandalone target not found
Native extension for WebGL target not found
Refreshing native plugins compatible for Editor in 0.16 ms, found 0 plugins.
Preloading 0 native plugins for Editor in 0.00 ms.
Invoked RoslynAnalysisRunner static constructor.
RoslynAnalysisRunner will not be running.
RoslynAnalysisRunner has terminated.
Mono: successfully reloaded assembly
- Completed reload, in  0.550 seconds
Platform modules already initialized, skipping
Refreshing native plugins compatible for Editor in 0.13 ms, found 0 plugins.
Preloading 0 native plugins for Editor in 0.00 ms.
Unloading 1118 Unused Serialized files (Serialized files now loaded: 0)
System memory in use before: 57.3 MB.
System memory in use after: 57.4 MB.

Unloading 5 unused Assets to reduce memory usage. Loaded Objects now: 1572.
Total: 1.234800 ms (FindLiveObjects: 0.095300 ms CreateObjectMapping: 0.027700 ms MarkObjects: 1.080200 ms  DeleteObjects: 0.031100 ms)

========================================================================
Received Import Request.
  Time since last request: 490.355060 seconds.
  path: Assets/Scripts/Level Designer/LevelDesigner.cs
  artifactKey: Guid(1525950d505e173439e3da1908542adb) Importer(815301076,1909f56bfc062723c751e8b465ee728b)
Start importing Assets/Scripts/Level Designer/LevelDesigner.cs using Guid(1525950d505e173439e3da1908542adb) Importer(815301076,1909f56bfc062723c751e8b465ee728b)  -> (artifact id: '2154fe27720ae4b2f00628ecb976a781') in 0.004115 seconds
  Import took 0.005784 seconds .

========================================================================
Received Import Request.
  Time since last request: 41.584134 seconds.
  path: Assets/Scripts/Level Designer/LevelDesigner.cs
  artifactKey: Guid(1525950d505e173439e3da1908542adb) Importer(815301076,1909f56bfc062723c751e8b465ee728b)
Start importing Assets/Scripts/Level Designer/LevelDesigner.cs using Guid(1525950d505e173439e3da1908542adb) Importer(815301076,1909f56bfc062723c751e8b465ee728b)  -> (artifact id: 'c9f21320b7889e14a6ea60b82de27837') in 0.001813 seconds
  Import took 0.003150 seconds .

========================================================================
Received Prepare
Registering precompiled user dll's ...
Registered in 0.000321 seconds.
Begin MonoManager ReloadAssembly
Native extension for WindowsStandalone target not found
Native extension for WebGL target not found
Refreshing native plugins compatible for Editor in 0.15 ms, found 0 plugins.
Preloading 0 native plugins for Editor in 0.00 ms.
Invoked RoslynAnalysisRunner static constructor.
RoslynAnalysisRunner will not be running.
RoslynAnalysisRunner has terminated.
Mono: successfully reloaded assembly
- Completed reload, in  0.558 seconds
Platform modules already initialized, skipping
Refreshing native plugins compatible for Editor in 0.15 ms, found 0 plugins.
Preloading 0 native plugins for Editor in 0.00 ms.
Unloading 1118 Unused Serialized files (Serialized files now loaded: 0)
System memory in use before: 57.4 MB.
System memory in use after: 57.4 MB.

Unloading 5 unused Assets to reduce memory usage. Loaded Objects now: 1575.
Total: 1.247900 ms (FindLiveObjects: 0.085500 ms CreateObjectMapping: 0.024900 ms MarkObjects: 1.107100 ms  DeleteObjects: 0.029800 ms)

========================================================================
Received Import Request.
  Time since last request: 5274.007008 seconds.
  path: Assets/Scripts/Level Designer/LevelDesigner.cs
  artifactKey: Guid(1525950d505e173439e3da1908542adb) Importer(815301076,1909f56bfc062723c751e8b465ee728b)
Start importing Assets/Scripts/Level Designer/LevelDesigner.cs using Guid(1525950d505e173439e3da1908542adb) Importer(815301076,1909f56bfc062723c751e8b465ee728b)  -> (artifact id: '6d33a3f7955e63955fd0ff1d82c7f2f5') in 0.004552 seconds
  Import took 0.006311 seconds .

========================================================================
Received Import Request.
  Time since last request: 157.715353 seconds.
  path: Assets/Scripts/Level Designer/LevelDesigner.cs
  artifactKey: Guid(1525950d505e173439e3da1908542adb) Importer(815301076,1909f56bfc062723c751e8b465ee728b)
Start importing Assets/Scripts/Level Designer/LevelDesigner.cs using Guid(1525950d505e173439e3da1908542adb) Importer(815301076,1909f56bfc062723c751e8b465ee728b)  -> (artifact id: '8234da94ab3f450e85cf9b527e0da4cd') in 0.001819 seconds
  Import took 0.003328 seconds .

========================================================================
Received Prepare
Registering precompiled user dll's ...
Registered in 0.000340 seconds.
Begin MonoManager ReloadAssembly
Native extension for WindowsStandalone target not found
Native extension for WebGL target not found
Refreshing native plugins compatible for Editor in 0.16 ms, found 0 plugins.
Preloading 0 native plugins for Editor in 0.00 ms.
Invoked RoslynAnalysisRunner static constructor.
RoslynAnalysisRunner will not be running.
RoslynAnalysisRunner has terminated.
Mono: successfully reloaded assembly
- Completed reload, in  0.548 seconds
Platform modules already initialized, skipping
Refreshing native plugins compatible for Editor in 0.15 ms, found 0 plugins.
Preloading 0 native plugins for Editor in 0.00 ms.
Unloading 1118 Unused Serialized files (Serialized files now loaded: 0)
System memory in use before: 57.4 MB.
System memory in use after: 57.4 MB.

Unloading 5 unused Assets to reduce memory usage. Loaded Objects now: 1578.
Total: 1.300100 ms (FindLiveObjects: 0.133600 ms CreateObjectMapping: 0.030700 ms MarkObjects: 1.086400 ms  DeleteObjects: 0.048600 ms)

========================================================================
Received Prepare
Registering precompiled user dll's ...
Registered in 0.000367 seconds.
Begin MonoManager ReloadAssembly
Native extension for WindowsStandalone target not found
Native extension for WebGL target not found
Refreshing native plugins compatible for Editor in 0.16 ms, found 0 plugins.
Preloading 0 native plugins for Editor in 0.00 ms.
Invoked RoslynAnalysisRunner static constructor.
RoslynAnalysisRunner will not be running.
RoslynAnalysisRunner has terminated.
Mono: successfully reloaded assembly
- Completed reload, in  0.544 seconds
Platform modules already initialized, skipping
Refreshing native plugins compatible for Editor in 0.13 ms, found 0 plugins.
Preloading 0 native plugins for Editor in 0.00 ms.
Unloading 1118 Unused Serialized files (Serialized files now loaded: 0)
System memory in use before: 57.4 MB.
System memory in use after: 57.4 MB.

Unloading 5 unused Assets to reduce memory usage. Loaded Objects now: 1581.
Total: 1.311700 ms (FindLiveObjects: 0.132800 ms CreateObjectMapping: 0.028200 ms MarkObjects: 1.115100 ms  DeleteObjects: 0.035200 ms)

========================================================================
Received Import Request.
  Time since last request: 2833.119344 seconds.
  path: Assets/Scripts/Level Designer/Levels/Level 1.asset
  artifactKey: Guid(7d258e01291ff2148bbb86d9c15026b4) Importer(815301076,1909f56bfc062723c751e8b465ee728b)
Start importing Assets/Scripts/Level Designer/Levels/Level 1.asset using Guid(7d258e01291ff2148bbb86d9c15026b4) Importer(815301076,1909f56bfc062723c751e8b465ee728b)  -> (artifact id: 'd7942a01ef3488dc2d750c090ff90621') in 0.021396 seconds
  Import took 0.023187 seconds .

AssetImportWorkerClient::OnTransportError - code=2 error=End of file
